#
# There is insufficient memory for the Java Runtime Environment to continue.
# Native memory allocation (mmap) failed to map 260046848 bytes for Failed to commit area from 0x0000000709c00000 to 0x0000000719400000 of length 260046848.
# Possible reasons:
#   The system is out of physical RAM or swap space
#   The process is running with CompressedOops enabled, and the Java Heap may be blocking the growth of the native heap
# Possible solutions:
#   Reduce memory load on the system
#   Increase physical memory or swap space
#   Check if swap backing store is full
#   Decrease Java heap size (-Xmx/-Xms)
#   Decrease number of Java threads
#   Decrease Java thread stack sizes (-Xss)
#   Set larger code cache with -XX:ReservedCodeCacheSize=
# This output file may be truncated or incomplete.
#
#  Out of Memory Error (./open/src/hotspot/os/windows/os_windows.cpp:3284), pid=12464, tid=5248
#
# JRE version:  (11.0.14+8) (build )
# Java VM: Java HotSpot(TM) 64-Bit Server VM (11.0.14+8-LTS-263, mixed mode, sharing, tiered, compressed oops, g1 gc, windows-amd64)
# No core dump will be written. Minidumps are not enabled by default on client versions of Windows
#

---------------  S U M M A R Y ------------

Command Line: -Dfile.encoding=MS949 beat_16.Main

Host: AMD Ryzen 5 5500U with Radeon Graphics         , 12 cores, 15G,  Windows 11 , 64 bit Build 22621 (10.0.22621.2215)
Time: Tue Sep 19 22:21:51 2023 대한민국 표준시 elapsed time: 0.010487 seconds (0d 0h 0m 0s)

---------------  T H R E A D  ---------------

Current thread (0x000001a9dbb53000):  JavaThread "Unknown thread" [_thread_in_vm, id=5248, stack(0x00000077aea00000,0x00000077aeb00000)]

Stack: [0x00000077aea00000,0x00000077aeb00000]
Native frames: (J=compiled Java code, j=interpreted, Vv=VM code, C=native code)
V  [jvm.dll+0x6296da]
V  [jvm.dll+0x76323f]
V  [jvm.dll+0x7648e9]
V  [jvm.dll+0x764f73]
V  [jvm.dll+0x23d7c8]
V  [jvm.dll+0x626a5a]
V  [jvm.dll+0x61b7f5]
V  [jvm.dll+0x2f262c]
V  [jvm.dll+0x2f24b2]
V  [jvm.dll+0x2f71d6]
V  [jvm.dll+0x339bdf]
V  [jvm.dll+0x339610]
V  [jvm.dll+0x2cfc48]
V  [jvm.dll+0x2d0db6]
V  [jvm.dll+0x73d857]
V  [jvm.dll+0x73f0ef]
V  [jvm.dll+0x346909]
V  [jvm.dll+0x723160]
V  [jvm.dll+0x3b551f]
V  [jvm.dll+0x3b7631]
C  [jli.dll+0x5207]
C  [ucrtbase.dll+0x29363]
C  [KERNEL32.DLL+0x1257d]
C  [ntdll.dll+0x5aa68]


---------------  P R O C E S S  ---------------

Threads class SMR info:
_java_thread_list=0x000001a9db9c63c0, length=0, elements={
}

Java Threads: ( => current thread )

Other Threads:
  0x000001a9dbb68000 GCTaskThread "GC Thread#0" [stack: 0x00000077aeb00000,0x00000077aec00000] [id=19140]
  0x000001a9dbbc1800 ConcurrentGCThread "G1 Main Marker" [stack: 0x00000077aec00000,0x00000077aed00000] [id=22632]
  0x000001a9dbbc4000 ConcurrentGCThread "G1 Conc#0" [stack: 0x00000077aed00000,0x00000077aee00000] [id=18296]

[error occurred during error reporting (printing all threads), id 0xc0000005, EXCEPTION_ACCESS_VIOLATION (0xc0000005) at pc=0x00007ffc1060eed7]

VM state:not at safepoint (not fully initialized)

VM Mutex/Monitor currently owned by a thread:  ([mutex/lock_event])
[0x000001a9dbb4dab0] Heap_lock - owner thread: 0x000001a9dbb53000

Heap address: 0x0000000709c00000, size: 3940 MB, Compressed Oops mode: Non-zero based: 0x0000000709c00000
Narrow klass base: 0x0000000000000000, Narrow klass shift: 0

GC Heap History (0 events):
No events

Deoptimization events (0 events):
No events

Classes redefined (0 events):
No events

Internal exceptions (0 events):
No events

Events (0 events):
No events


Dynamic libraries:
0x00007ff6485f0000 - 0x00007ff6485ff000 	C:\Program Files\Java\jdk-11.0.14\bin\javaw.exe
0x00007ffc9e630000 - 0x00007ffc9e844000 	C:\WINDOWS\SYSTEM32\ntdll.dll
0x00007ffc9d430000 - 0x00007ffc9d4f4000 	C:\WINDOWS\System32\KERNEL32.DLL
0x00007ffc9ba80000 - 0x00007ffc9be24000 	C:\WINDOWS\System32\KERNELBASE.dll
0x00007ffc9c2a0000 - 0x00007ffc9c3b1000 	C:\WINDOWS\System32\ucrtbase.dll
0x00007ffc984d0000 - 0x00007ffc984e5000 	C:\Program Files\Java\jdk-11.0.14\bin\VCRUNTIME140.dll
0x00007ffc80090000 - 0x00007ffc800a8000 	C:\Program Files\Java\jdk-11.0.14\bin\jli.dll
0x00007ffc9d620000 - 0x00007ffc9d6d0000 	C:\WINDOWS\System32\ADVAPI32.dll
0x00007ffc9d250000 - 0x00007ffc9d2f7000 	C:\WINDOWS\System32\msvcrt.dll
0x00007ffc9e0d0000 - 0x00007ffc9e176000 	C:\WINDOWS\System32\sechost.dll
0x00007ffc9d890000 - 0x00007ffc9d9a7000 	C:\WINDOWS\System32\RPCRT4.dll
0x00007ffc9d6d0000 - 0x00007ffc9d87e000 	C:\WINDOWS\System32\USER32.dll
0x00007ffc9c010000 - 0x00007ffc9c036000 	C:\WINDOWS\System32\win32u.dll
0x00007ffc85460000 - 0x00007ffc856f3000 	C:\WINDOWS\WinSxS\amd64_microsoft.windows.common-controls_6595b64144ccf1df_6.0.22621.2215_none_270d72677387dfc3\COMCTL32.dll
0x00007ffc9c3c0000 - 0x00007ffc9c3e9000 	C:\WINDOWS\System32\GDI32.dll
0x00007ffc9c100000 - 0x00007ffc9c218000 	C:\WINDOWS\System32\gdi32full.dll
0x00007ffc9b9e0000 - 0x00007ffc9ba7a000 	C:\WINDOWS\System32\msvcp_win.dll
0x00007ffc90ab0000 - 0x00007ffc90aba000 	C:\WINDOWS\SYSTEM32\VERSION.dll
0x00007ffc9d300000 - 0x00007ffc9d331000 	C:\WINDOWS\System32\IMM32.DLL
0x00007ffc98400000 - 0x00007ffc9849b000 	C:\Program Files\Java\jdk-11.0.14\bin\msvcp140.dll
0x00007ffc10330000 - 0x00007ffc10e46000 	C:\Program Files\Java\jdk-11.0.14\bin\server\jvm.dll
0x00007ffc9d420000 - 0x00007ffc9d428000 	C:\WINDOWS\System32\PSAPI.DLL
0x00007ffc77b20000 - 0x00007ffc77b29000 	C:\WINDOWS\SYSTEM32\WSOCK32.dll
0x00007ffc9dfe0000 - 0x00007ffc9e051000 	C:\WINDOWS\System32\WS2_32.dll
0x00007ffc947e0000 - 0x00007ffc94814000 	C:\WINDOWS\SYSTEM32\WINMM.dll
0x00007ffc9a9a0000 - 0x00007ffc9a9b8000 	C:\WINDOWS\SYSTEM32\kernel.appcore.dll
0x00007ffc98c50000 - 0x00007ffc98c60000 	C:\Program Files\Java\jdk-11.0.14\bin\verify.dll
0x00007ffc927a0000 - 0x00007ffc929ce000 	C:\WINDOWS\SYSTEM32\DBGHELP.DLL
0x00007ffc9c3f0000 - 0x00007ffc9c77a000 	C:\WINDOWS\System32\combase.dll
0x00007ffc9d340000 - 0x00007ffc9d417000 	C:\WINDOWS\System32\OLEAUT32.dll
0x00007ffc79190000 - 0x00007ffc791c2000 	C:\WINDOWS\SYSTEM32\dbgcore.DLL
0x00007ffc9c220000 - 0x00007ffc9c29a000 	C:\WINDOWS\System32\bcryptPrimitives.dll
0x00007ffc800b0000 - 0x00007ffc800d8000 	C:\Program Files\Java\jdk-11.0.14\bin\java.dll
0x00007ffc98c40000 - 0x00007ffc98c4a000 	C:\Program Files\Java\jdk-11.0.14\bin\jimage.dll
0x00007ffc80070000 - 0x00007ffc80086000 	C:\Program Files\Java\jdk-11.0.14\bin\zip.dll

dbghelp: loaded successfully - version: 4.0.5 - missing functions: none
symbol engine: initialized successfully - sym options: 0x614 - pdb path: .;C:\Program Files\Java\jdk-11.0.14\bin;C:\WINDOWS\SYSTEM32;C:\WINDOWS\WinSxS\amd64_microsoft.windows.common-controls_6595b64144ccf1df_6.0.22621.2215_none_270d72677387dfc3;C:\Program Files\Java\jdk-11.0.14\bin\server

VM Arguments:
jvm_args: -Dfile.encoding=MS949 
java_command: beat_16.Main
java_class_path (initial): C:\Tool\workspace5\CloneBeat\bin;C:\Users\jsg89\Downloads\2. cloneProject\jlayer-1.0.1.jar
Launcher Type: SUN_STANDARD

[Global flags]
     intx CICompilerCount                          = 4                                         {product} {ergonomic}
     uint ConcGCThreads                            = 3                                         {product} {ergonomic}
     uint G1ConcRefinementThreads                  = 10                                        {product} {ergonomic}
   size_t G1HeapRegionSize                         = 1048576                                   {product} {ergonomic}
    uintx GCDrainStackTargetSize                   = 64                                        {product} {ergonomic}
   size_t InitialHeapSize                          = 260046848                                 {product} {ergonomic}
   size_t MarkStackSize                            = 4194304                                   {product} {ergonomic}
   size_t MaxHeapSize                              = 4131389440                                {product} {ergonomic}
   size_t MinHeapDeltaBytes                        = 1048576                                   {product} {ergonomic}
    uintx NonNMethodCodeHeapSize                   = 5836300                                {pd product} {ergonomic}
    uintx NonProfiledCodeHeapSize                  = 122910970                              {pd product} {ergonomic}
    uintx ProfiledCodeHeapSize                     = 122910970                              {pd product} {ergonomic}
    uintx ReservedCodeCacheSize                    = 251658240                              {pd product} {ergonomic}
     bool SegmentedCodeCache                       = true                                      {product} {ergonomic}
     bool UseCompressedClassPointers               = true                                 {lp64_product} {ergonomic}
     bool UseCompressedOops                        = true                                 {lp64_product} {ergonomic}
     bool UseG1GC                                  = true                                      {product} {ergonomic}
     bool UseLargePagesIndividualAllocation        = false                                  {pd product} {ergonomic}

Logging:
Log output configuration:
 #0: stdout all=warning uptime,level,tags
 #1: stderr all=off uptime,level,tags

Environment Variables:
JAVA_HOME=C:\Program Files\Java\jdk-11.0.14
PATH=C:/Program Files/Java/jdk-11.0.14/bin/server;C:/Program Files/Java/jdk-11.0.14/bin;C:\Program Files (x86)\Embarcadero\Studio\21.0\bin;C:\Users\Public\Documents\Embarcadero\Studio\21.0\Bpl;C:\Program Files (x86)\Embarcadero\Studio\21.0\bin64;C:\Users\Public\Documents\Embarcadero\Studio\21.0\Bpl\Win64;C:\Program Files\Java\jdk-11.0.14\bin;C:\Program Files\Java\jdk1.8.0_321\bin;C:\Program Files\Java\jdk-17.0.2\bin;C:\oraclexe\app\oracle\product\11.2.0\server\bin;C:\Program Files\Eclipse Adoptium\jdk-11.0.14.101-hotspot\bin;C:\Program Files (x86)\VMware\VMware Workstation\bin\;C:\Program Files\Common Files\Oracle\Java\javapath;C:\Program Files (x86)\Common Files\Oracle\Java\javapath;C:\WINDOWS\system32;C:\WINDOWS;C:\WINDOWS\System32\Wbem;C:\WINDOWS\System32\WindowsPowerShell\v1.0\;C:\WINDOWS\System32\OpenSSH\;C:\Program Files\Bandizip\;C:\Program Files\Git\cmd;C:\Program Files\nodejs\;C:\Program Files\VisualSVN Server\bin;C:\Program Files (x86)\Pulse Secure\VC142.CRT\X64\;C:\Program Files (x86)\Pulse Secure\VC142.CRT\X86\;C:\Program Files (x86)\Common Files\Pulse Secure\TNC Client Plugin\;C:\Program Files\MySQL\MySQL Shell 8.0\bin\;C:\Program Files\Java\jdk1.8.0_321\bin;C:\Program Files\Java\jdk-11.0.14\bin;C:\Program Files\Java\jdk-17.0.2\bin;C:\Users\jsg89\AppData\Local\Microsoft\WindowsApps;C:\Users\jsg89\AppData\Local\Programs\Microsoft VS Code\bin;C:\Users\jsg89\AppData\Local\atom\bin;C:\Users\jsg89\AppData\Roaming\npm;%USERPROFILE%\AppData\Local\Microsoft\WindowsApps;;C:\Tool\eclipse;
USERNAME=jsg89
OS=Windows_NT
PROCESSOR_IDENTIFIER=AMD64 Family 23 Model 104 Stepping 1, AuthenticAMD



---------------  S Y S T E M  ---------------

OS: Windows 11 , 64 bit Build 22621 (10.0.22621.2215)
Hyper-V role detected

CPU:total 12 (initial active 12) (12 cores per cpu, 2 threads per core) family 23 model 104 stepping 1 microcode 0x0, cmov, cx8, fxsr, mmx, sse, sse2, sse3, ssse3, sse4.1, sse4.2, popcnt, avx, avx2, aes, clmul, mmxext, 3dnowpref, lzcnt, sse4a, ht, tsc, tscinvbit, tscinv, bmi1, bmi2, adx,

Memory: 4k page, system-wide physical 15754M (7632M free)
TotalPageFile size 15754M (AvailPageFile size 130M)
current process WorkingSet (physical memory assigned to process): 11M, peak: 11M
current process commit charge ("private bytes"): 64M, peak: 312M

vm_info: Java HotSpot(TM) 64-Bit Server VM (11.0.14+8-LTS-263) for windows-amd64 JRE (11.0.14+8-LTS-263), built on Dec  7 2021 21:53:57 by "mach5one" with MS VC++ 15.9 (VS2017)

END.
